\BOOKMARK [1][-]{section.1}{\376\377\000E\000q\000u\000a\000\347\000\365\000e\000s\000\040\000d\000o\000\040\000m\000o\000v\000i\000m\000e\000n\000t\000o\000\040\000d\000o\000\040\000c\000a\000s\000o\000\040\000e\000x\000a\000t\000o}{}% 1
\BOOKMARK [2][-]{subsection.1.1}{\376\377\000E\000q\000u\000a\000\347\000\365\000e\000s\000\040\000d\000o\000\040\000m\000o\000v\000i\000m\000e\000n\000t\000o\000\040\000p\000a\000r\000a\000\040\000'}{section.1}% 2
\BOOKMARK [2][-]{subsection.1.2}{\376\377\000E\000q\000u\000a\000\347\000\365\000e\000s\000\040\000d\000o\000\040\000m\000o\000v\000i\000m\000e\000n\000t\000o\000\040\000p\000a\000r\000a\000\040\000'}{section.1}% 3
\BOOKMARK [2][-]{subsection.1.3}{\376\377\000E\000q\000u\000a\000\347\000\365\000e\000s\000\040\000d\000o\000\040\000m\000o\000v\000i\000m\000e\000n\000t\000o\000\040\000p\000a\000r\000a\000\040\000'}{section.1}% 4
\BOOKMARK [2][-]{subsection.1.4}{\376\377\000E\000q\000u\000a\000\347\000\365\000e\000s\000\040\000d\000o\000\040\000m\000o\000v\000i\000m\000e\000n\000t\000o\000\040\000p\000a\000r\000a\000\040\000r}{section.1}% 5
\BOOKMARK [2][-]{subsection.1.5}{\376\377\000E\000q\000u\000a\000\347\000\365\000e\000s\000\040\000d\000o\000\040\000m\000o\000v\000i\000m\000e\000n\000t\000o\000\040\000p\000a\000r\000a\000\040}{section.1}% 6
\BOOKMARK [2][-]{subsection.1.6}{\376\377\000E\000q\000u\000a\000\347\000\365\000e\000s\000\040\000d\000o\000\040\000m\000o\000v\000i\000m\000e\000n\000t\000o\000\040\000p\000a\000r\000a\000\040}{section.1}% 7
\BOOKMARK [1][-]{section.2}{\376\377\000P\000r\000i\000m\000e\000i\000r\000a\000s\000\040\000a\000p\000r\000o\000x\000i\000m\000a\000\347\000\365\000e\000s}{}% 8
\BOOKMARK [2][-]{subsection.2.1}{\376\377\000E\000q\000u\000a\000\347\000\365\000e\000s\000\040\000d\000o\000\040\000m\000o\000v\000i\000m\000e\000n\000t\000o\000\040\000p\000a\000r\000a\000\040\000'}{section.2}% 9
\BOOKMARK [2][-]{subsection.2.2}{\376\377\000E\000q\000u\000a\000\347\000\365\000e\000s\000\040\000d\000o\000\040\000m\000o\000v\000i\000m\000e\000n\000t\000o\000\040\000p\000a\000r\000a\000\040\000'}{section.2}% 10
\BOOKMARK [2][-]{subsection.2.3}{\376\377\000E\000q\000u\000a\000\347\000\365\000e\000s\000\040\000d\000o\000\040\000m\000o\000v\000i\000m\000e\000n\000t\000o\000\040\000p\000a\000r\000a\000\040\000'}{section.2}% 11
\BOOKMARK [2][-]{subsection.2.4}{\376\377\000E\000q\000u\000a\000\347\000\365\000e\000s\000\040\000d\000o\000\040\000m\000o\000v\000i\000m\000e\000n\000t\000o\000\040\000p\000a\000r\000a\000\040\000r}{section.2}% 12
\BOOKMARK [2][-]{subsection.2.5}{\376\377\000E\000q\000u\000a\000\347\000\365\000e\000s\000\040\000d\000o\000\040\000m\000o\000v\000i\000m\000e\000n\000t\000o\000\040\000p\000a\000r\000a\000\040}{section.2}% 13
\BOOKMARK [2][-]{subsection.2.6}{\376\377\000E\000q\000u\000a\000\347\000\365\000e\000s\000\040\000d\000o\000\040\000m\000o\000v\000i\000m\000e\000n\000t\000o\000\040\000p\000a\000r\000a\000\040}{section.2}% 14
\BOOKMARK [1][-]{section.3}{\376\377\000A\000p\000r\000o\000x\000i\000m\000a\000\347\000\365\000e\000s\000\040\000s\000e\000g\000u\000i\000n\000t\000e\000s}{}% 15
\BOOKMARK [2][-]{subsection.3.1}{\376\377\000E\000q\000u\000a\000\347\000\365\000e\000s\000\040\000d\000o\000\040\000m\000o\000v\000i\000m\000e\000n\000t\000o\000\040\000p\000a\000r\000a\000\040\000'}{section.3}% 16
\BOOKMARK [2][-]{subsection.3.2}{\376\377\000E\000q\000u\000a\000\347\000\365\000e\000s\000\040\000d\000o\000\040\000m\000o\000v\000i\000m\000e\000n\000t\000o\000\040\000p\000a\000r\000a\000\040\000'}{section.3}% 17
\BOOKMARK [2][-]{subsection.3.3}{\376\377\000E\000q\000u\000a\000\347\000\365\000e\000s\000\040\000d\000o\000\040\000m\000o\000v\000i\000m\000e\000n\000t\000o\000\040\000p\000a\000r\000a\000\040\000'}{section.3}% 18
\BOOKMARK [2][-]{subsection.3.4}{\376\377\000E\000q\000u\000a\000\347\000\365\000e\000s\000\040\000d\000o\000\040\000m\000o\000v\000i\000m\000e\000n\000t\000o\000\040\000p\000a\000r\000a\000\040\000r}{section.3}% 19
\BOOKMARK [2][-]{subsection.3.5}{\376\377\000E\000q\000u\000a\000\347\000\365\000e\000s\000\040\000d\000o\000\040\000m\000o\000v\000i\000m\000e\000n\000t\000o\000\040\000p\000a\000r\000a\000\040}{section.3}% 20
\BOOKMARK [2][-]{subsection.3.6}{\376\377\000E\000q\000u\000a\000\347\000\365\000e\000s\000\040\000d\000o\000\040\000m\000o\000v\000i\000m\000e\000n\000t\000o\000\040\000p\000a\000r\000a\000\040}{section.3}% 21
\BOOKMARK [1][-]{section.4}{\376\377\000A\000p\000r\000o\000x\000i\000m\000a\000\347\000\365\000e\000s\000\040\000s\000e\000g\000u\000i\000n\000t\000e\000s}{}% 22
\BOOKMARK [2][-]{subsection.4.1}{\376\377\000E\000q\000u\000a\000\347\000\365\000e\000s\000\040\000d\000o\000\040\000m\000o\000v\000i\000m\000e\000n\000t\000o\000\040\000p\000a\000r\000a\000\040\000'}{section.4}% 23
\BOOKMARK [2][-]{subsection.4.2}{\376\377\000E\000q\000u\000a\000\347\000\365\000e\000s\000\040\000d\000o\000\040\000m\000o\000v\000i\000m\000e\000n\000t\000o\000\040\000p\000a\000r\000a\000\040\000'}{section.4}% 24
\BOOKMARK [2][-]{subsection.4.3}{\376\377\000E\000q\000u\000a\000\347\000\365\000e\000s\000\040\000d\000o\000\040\000m\000o\000v\000i\000m\000e\000n\000t\000o\000\040\000p\000a\000r\000a\000\040\000'}{section.4}% 25
\BOOKMARK [2][-]{subsection.4.4}{\376\377\000E\000q\000u\000a\000\347\000\365\000e\000s\000\040\000d\000o\000\040\000m\000o\000v\000i\000m\000e\000n\000t\000o\000\040\000p\000a\000r\000a\000\040\000r}{section.4}% 26
\BOOKMARK [2][-]{subsection.4.5}{\376\377\000E\000q\000u\000a\000\347\000\365\000e\000s\000\040\000d\000o\000\040\000m\000o\000v\000i\000m\000e\000n\000t\000o\000\040\000p\000a\000r\000a\000\040}{section.4}% 27
\BOOKMARK [2][-]{subsection.4.6}{\376\377\000E\000q\000u\000a\000\347\000\365\000e\000s\000\040\000d\000o\000\040\000m\000o\000v\000i\000m\000e\000n\000t\000o\000\040\000p\000a\000r\000a\000\040}{section.4}% 28
\BOOKMARK [1][-]{section.5}{\376\377\000A\000p\000r\000o\000x\000i\000m\000a\000\347\000\365\000e\000s\000\040\000s\000e\000g\000u\000i\000n\000t\000e\000s}{}% 29
\BOOKMARK [2][-]{subsection.5.1}{\376\377\000E\000q\000u\000a\000\347\000\365\000e\000s\000\040\000d\000o\000\040\000m\000o\000v\000i\000m\000e\000n\000t\000o\000\040\000p\000a\000r\000a\000\040\000'}{section.5}% 30
\BOOKMARK [2][-]{subsection.5.2}{\376\377\000E\000q\000u\000a\000\347\000\365\000e\000s\000\040\000d\000o\000\040\000m\000o\000v\000i\000m\000e\000n\000t\000o\000\040\000p\000a\000r\000a\000\040\000'}{section.5}% 31
\BOOKMARK [2][-]{subsection.5.3}{\376\377\000E\000q\000u\000a\000\347\000\365\000e\000s\000\040\000d\000o\000\040\000m\000o\000v\000i\000m\000e\000n\000t\000o\000\040\000p\000a\000r\000a\000\040\000'}{section.5}% 32
\BOOKMARK [2][-]{subsection.5.4}{\376\377\000E\000q\000u\000a\000\347\000\365\000e\000s\000\040\000d\000o\000\040\000m\000o\000v\000i\000m\000e\000n\000t\000o\000\040\000p\000a\000r\000a\000\040\000r}{section.5}% 33
\BOOKMARK [2][-]{subsection.5.5}{\376\377\000E\000q\000u\000a\000\347\000\365\000e\000s\000\040\000d\000o\000\040\000m\000o\000v\000i\000m\000e\000n\000t\000o\000\040\000p\000a\000r\000a\000\040}{section.5}% 34
\BOOKMARK [2][-]{subsection.5.6}{\376\377\000E\000q\000u\000a\000\347\000\365\000e\000s\000\040\000d\000o\000\040\000m\000o\000v\000i\000m\000e\000n\000t\000o\000\040\000p\000a\000r\000a\000\040}{section.5}% 35
